{"level":"info","time":"2021-05-25T06:31:50Z","message":"Cannot determine default configuration path. No file [config.yml config.yaml] in [~/.cloudflared ~/.cloudflare-warp ~/cloudflare-warp /etc/cloudflared /usr/local/etc/cloudflared]"}
{"level":"info","time":"2021-05-25T06:31:50Z","message":"Version 2021.5.9"}
{"level":"info","time":"2021-05-25T06:31:50Z","message":"GOOS: linux, GOVersion: devel +11087322f8 Fri Nov 13 03:04:52 2020 +0100, GoArch: amd64"}
{"level":"info","time":"2021-05-25T06:31:50Z","message":"Settings: map[logfile:./cloudflared.log metrics:localhost:45678 url:ssh://localhost:22]"}
{"level":"info","autoupdateFreq":86400000,"time":"2021-05-25T06:31:50Z","message":"Autoupdate frequency is set"}
{"level":"info","time":"2021-05-25T06:31:50Z","message":"Initial protocol h2mux"}
{"level":"info","time":"2021-05-25T06:31:50Z","message":"Starting metrics server on 127.0.0.1:45678/metrics"}
{"level":"info","connIndex":0,"location":"ATL","time":"2021-05-25T06:31:50Z","message":"Connection established"}
{"level":"info","time":"2021-05-25T06:31:52Z","message":"Cannot determine default configuration path. No file [config.yml config.yaml] in [~/.cloudflared ~/.cloudflare-warp ~/cloudflare-warp /etc/cloudflared /usr/local/etc/cloudflared]"}
{"level":"info","time":"2021-05-25T06:31:52Z","message":"Version 2021.5.9"}
{"level":"info","time":"2021-05-25T06:31:52Z","message":"GOOS: linux, GOVersion: devel +11087322f8 Fri Nov 13 03:04:52 2020 +0100, GoArch: amd64"}
{"level":"info","time":"2021-05-25T06:31:52Z","message":"Settings: map[logfile:./cloudflared.log metrics:localhost:45678 url:ssh://localhost:22]"}
{"level":"info","autoupdateFreq":86400000,"time":"2021-05-25T06:31:52Z","message":"Autoupdate frequency is set"}
{"level":"info","time":"2021-05-25T06:31:52Z","message":"Initial protocol h2mux"}
{"level":"info","time":"2021-05-25T06:31:52Z","message":"Starting metrics server on 127.0.0.1:45678/metrics"}
{"level":"info","connIndex":0,"location":"ATL","time":"2021-05-25T06:31:52Z","message":"Connection established"}
{"level":"info","time":"2021-05-25T06:31:53Z","message":"Each HA connection's tunnel IDs: map[0:x90crdputqatkd9ugn29s7v4qn1uy7s7aehl7psns0ygsp1rr2p0]"}
{"level":"info","time":"2021-05-25T06:31:53Z","message":"+-----------------------------------------------------------------+"}
{"level":"info","time":"2021-05-25T06:31:53Z","message":"|  Your free tunnel has started! Visit it:                        |"}
{"level":"info","time":"2021-05-25T06:31:53Z","message":"|    https://brook-virtually-families-cellular.trycloudflare.com  |"}
{"level":"info","time":"2021-05-25T06:31:53Z","message":"+-----------------------------------------------------------------+"}
{"level":"info","time":"2021-05-25T06:31:53Z","message":"Route propagating, it may take up to 1 minute for your new route to become functional"}
{"level":"info","connIndex":1,"location":"DFW","time":"2021-05-25T06:31:54Z","message":"Connection established"}
{"level":"info","connIndex":2,"location":"ATL","time":"2021-05-25T06:31:54Z","message":"Connection established"}
{"level":"info","time":"2021-05-25T06:31:55Z","message":"Each HA connection's tunnel IDs: map[0:x90crdputqatkd9ugn29s7v4qn1uy7s7aehl7psns0ygsp1rr2p0 1:x90crdputqatkd9ugn29s7v4qn1uy7s7aehl7psns0ygsp1rr2p0]"}
{"level":"info","time":"2021-05-25T06:31:55Z","message":"+-----------------------------------------------------------------+"}
{"level":"info","time":"2021-05-25T06:31:55Z","message":"|  Your free tunnel has started! Visit it:                        |"}
{"level":"info","time":"2021-05-25T06:31:55Z","message":"|    https://brook-virtually-families-cellular.trycloudflare.com  |"}
{"level":"info","time":"2021-05-25T06:31:55Z","message":"+-----------------------------------------------------------------+"}
{"level":"info","time":"2021-05-25T06:31:55Z","message":"Route propagating, it may take up to 1 minute for your new route to become functional"}
{"level":"info","connIndex":3,"location":"DFW","time":"2021-05-25T06:31:56Z","message":"Connection established"}
{"level":"info","time":"2021-05-25T06:31:57Z","message":"Each HA connection's tunnel IDs: map[0:x90crdputqatkd9ugn29s7v4qn1uy7s7aehl7psns0ygsp1rr2p0 1:x90crdputqatkd9ugn29s7v4qn1uy7s7aehl7psns0ygsp1rr2p0 2:x90crdputqatkd9ugn29s7v4qn1uy7s7aehl7psns0ygsp1rr2p0]"}
{"level":"info","time":"2021-05-25T06:31:57Z","message":"+-----------------------------------------------------------------+"}
{"level":"info","time":"2021-05-25T06:31:57Z","message":"|  Your free tunnel has started! Visit it:                        |"}
{"level":"info","time":"2021-05-25T06:31:57Z","message":"|    https://brook-virtually-families-cellular.trycloudflare.com  |"}
{"level":"info","time":"2021-05-25T06:31:57Z","message":"+-----------------------------------------------------------------+"}
{"level":"info","time":"2021-05-25T06:31:57Z","message":"Route propagating, it may take up to 1 minute for your new route to become functional"}
{"level":"info","time":"2021-05-25T06:31:57Z","message":"Each HA connection's tunnel IDs: map[0:x90crdputqatkd9ugn29s7v4qn1uy7s7aehl7psns0ygsp1rr2p0 1:x90crdputqatkd9ugn29s7v4qn1uy7s7aehl7psns0ygsp1rr2p0 2:x90crdputqatkd9ugn29s7v4qn1uy7s7aehl7psns0ygsp1rr2p0 3:x90crdputqatkd9ugn29s7v4qn1uy7s7aehl7psns0ygsp1rr2p0]"}
{"level":"info","time":"2021-05-25T06:31:57Z","message":"+-----------------------------------------------------------------+"}
{"level":"info","time":"2021-05-25T06:31:57Z","message":"|  Your free tunnel has started! Visit it:                        |"}
{"level":"info","time":"2021-05-25T06:31:57Z","message":"|    https://brook-virtually-families-cellular.trycloudflare.com  |"}
{"level":"info","time":"2021-05-25T06:31:57Z","message":"+-----------------------------------------------------------------+"}
{"level":"info","time":"2021-05-25T06:31:57Z","message":"Route propagating, it may take up to 1 minute for your new route to become functional"}
